[16:49:16][APIInterface.EasycardAPI.signQuery(EasycardAPI.java:99)] INFO - Start
[16:49:16][CMAS.Process.initConfig(Process.java:66)] INFO - =============== API Start ===============
[16:49:16][CMAS.ConfigManager.<init>(ConfigManager.java:39)] INFO - Start
[16:49:16][CMAS.ConfigManager.<init>(ConfigManager.java:41)] INFO - End
[16:49:16][CMAS.ConfigManager.prepareConfig(ConfigManager.java:46)] INFO - Start
[16:49:16][CMAS.ConfigManager.prepareConfig(ConfigManager.java:78)] INFO - Test Environment
[16:49:16][CMAS.ConfigManager.prepareConfig(ConfigManager.java:131)] INFO - End
[16:49:16][CMAS.Process.initConfig(Process.java:71)] INFO - End
[16:49:16][Reader.ApduRecvSender.setPortName(ApduRecvSender.java:35)] INFO - setter:COM6
[16:49:16][Reader.EZReader.<init>(EZReader.java:22)] INFO - Start
[16:49:16][Reader.EZReader.<init>(EZReader.java:25)] INFO - End
[16:49:16][CMAS.Process.<init>(Process.java:48)] INFO - End
[16:49:16][Reader.EZReader.exeCommand(EZReader.java:30)] INFO - Start
[16:49:16][Reader.PPR_SignOnQuery.GetRequest(PPR_SignOnQuery.java:329)] DEBUG - pprSignonQuery request:(00)(00)(05)(80)(03)(00)(00)(28)(ae)
[16:49:16][Reader.ApduRecvSender.sendRecv(ApduRecvSender.java:170)] INFO - Start
[16:49:16][Reader.ApduRecvSender.openPort(ApduRecvSender.java:43)] INFO - Start, comportname:COM6COM6
[16:49:16][Reader.ApduRecvSender.openPort(ApduRecvSender.java:96)] INFO - End
[16:49:16][Reader.ApduRecvSender.sendRecv(ApduRecvSender.java:196)] DEBUG - pack APDU command:(00)(00)(05)(80)(03)(00)(00)(28)(ae)
[16:49:16][Reader.ApduRecvSender.write(ApduRecvSender.java:122)] INFO - Start
[16:49:16][Reader.ApduRecvSender.read(ApduRecvSender.java:142)] INFO - Start
[16:49:16][Reader.ApduRecvSender.sendRecv(ApduRecvSender.java:205)] DEBUG - read finish:(00)(00)(2a)
[16:49:16][Reader.ApduRecvSender.sendRecv(ApduRecvSender.java:212)] INFO - read body len:42
[16:49:16][Reader.ApduRecvSender.read(ApduRecvSender.java:142)] INFO - Start
[16:49:16][Reader.ApduRecvSender.sendRecv(ApduRecvSender.java:220)] DEBUG - recv from Comport total Byte: 46
[16:49:16][Reader.ApduRecvSender.sendRecv(ApduRecvSender.java:231)] INFO - End
[16:49:16][Reader.PPR_SignOnQuery.SetRespond(PPR_SignOnQuery.java:363)] INFO - Start
[16:49:16][Reader.PPR_SignOnQuery.SetRespond(PPR_SignOnQuery.java:390)] INFO - end
[16:49:16][Reader.PPR_SignOnQuery.debugResponseData(PPR_SignOnQuery.java:351)] DEBUG - pprSignon recv:(00)(00)(2a)(00)(71)(02)(f0)(49)(09)(00)(00)(00)(00)(00)(00)(3c)(0f)(b8)(0b)(e8)(03)(f4)(01)(01)(a0)(86)(01)(1d)(f3)(48)(55)(fe)(11)(27)(00)(00)(00)(a0)(86)(01)(00)(00)(00)(90)(00)(dd)
[16:49:16][APIInterface.EasycardAPI.signQuery(EasycardAPI.java:102)] INFO - End
[16:51:21][APIInterface.EasycardAPI.signQuery(EasycardAPI.java:99)] INFO - Start
[16:51:21][CMAS.Process.initConfig(Process.java:66)] INFO - =============== API Start ===============
[16:51:21][CMAS.ConfigManager.<init>(ConfigManager.java:39)] INFO - Start
[16:51:21][CMAS.ConfigManager.<init>(ConfigManager.java:41)] INFO - End
[16:51:21][CMAS.ConfigManager.prepareConfig(ConfigManager.java:46)] INFO - Start
[16:51:21][CMAS.ConfigManager.prepareConfig(ConfigManager.java:78)] INFO - Test Environment
[16:51:21][CMAS.ConfigManager.prepareConfig(ConfigManager.java:131)] INFO - End
[16:51:21][CMAS.Process.initConfig(Process.java:71)] INFO - End
[16:51:21][Reader.ApduRecvSender.setPortName(ApduRecvSender.java:35)] INFO - setter:COM6
[16:51:21][Reader.EZReader.<init>(EZReader.java:22)] INFO - Start
[16:51:21][Reader.EZReader.<init>(EZReader.java:25)] INFO - End
[16:51:21][CMAS.Process.<init>(Process.java:48)] INFO - End
[16:51:21][Reader.EZReader.exeCommand(EZReader.java:30)] INFO - Start
[16:51:21][Reader.PPR_SignOnQuery.GetRequest(PPR_SignOnQuery.java:329)] DEBUG - Reader.PPR_SignOnQuery request:(00)(00)(05)(80)(03)(00)(00)(28)(ae)
[16:51:21][Reader.ApduRecvSender.sendRecv(ApduRecvSender.java:170)] INFO - Start
[16:51:21][Reader.ApduRecvSender.openPort(ApduRecvSender.java:43)] INFO - Start, comportname:COM6COM6
[16:51:21][Reader.ApduRecvSender.openPort(ApduRecvSender.java:96)] INFO - End
[16:51:21][Reader.ApduRecvSender.sendRecv(ApduRecvSender.java:196)] DEBUG - pack APDU command:(00)(00)(05)(80)(03)(00)(00)(28)(ae)
[16:51:21][Reader.ApduRecvSender.write(ApduRecvSender.java:122)] INFO - Start
[16:51:21][Reader.ApduRecvSender.read(ApduRecvSender.java:142)] INFO - Start
[16:51:21][Reader.ApduRecvSender.sendRecv(ApduRecvSender.java:205)] DEBUG - read finish:(00)(00)(2a)
[16:51:21][Reader.ApduRecvSender.sendRecv(ApduRecvSender.java:212)] INFO - read body len:42
[16:51:21][Reader.ApduRecvSender.read(ApduRecvSender.java:142)] INFO - Start
[16:51:21][Reader.ApduRecvSender.sendRecv(ApduRecvSender.java:220)] DEBUG - recv from Comport total Byte: 46
[16:51:21][Reader.ApduRecvSender.sendRecv(ApduRecvSender.java:231)] INFO - End
[16:51:21][Reader.PPR_SignOnQuery.SetRespond(PPR_SignOnQuery.java:363)] INFO - Start
[16:51:21][Reader.PPR_SignOnQuery.SetRespond(PPR_SignOnQuery.java:390)] INFO - end
[16:51:21][Reader.PPR_SignOnQuery.debugResponseData(PPR_SignOnQuery.java:351)] DEBUG - Reader.PPR_SignOnQuery recv:(00)(00)(2a)(00)(71)(02)(f0)(49)(09)(00)(00)(00)(00)(00)(00)(3c)(0f)(b8)(0b)(e8)(03)(f4)(01)(01)(a0)(86)(01)(1d)(f3)(48)(55)(fe)(11)(27)(00)(00)(00)(a0)(86)(01)(00)(00)(00)(90)(00)(dd)
[16:51:21][APIInterface.EasycardAPI.signQuery(EasycardAPI.java:102)] INFO - End
[17:01:50][APIInterface.EasycardAPI.deduct(EasycardAPI.java:113)] INFO - Start
[17:01:50][CMAS.Process.initConfig(Process.java:66)] INFO - =============== API Start ===============
[17:01:50][CMAS.ConfigManager.<init>(ConfigManager.java:39)] INFO - Start
[17:01:50][CMAS.ConfigManager.<init>(ConfigManager.java:41)] INFO - End
[17:01:50][CMAS.ConfigManager.prepareConfig(ConfigManager.java:46)] INFO - Start
[17:01:50][CMAS.ConfigManager.prepareConfig(ConfigManager.java:78)] INFO - Test Environment
[17:01:50][CMAS.ConfigManager.prepareConfig(ConfigManager.java:131)] INFO - End
[17:01:50][CMAS.Process.initConfig(Process.java:71)] INFO - End
[17:01:50][Reader.ApduRecvSender.setPortName(ApduRecvSender.java:35)] INFO - setter:COM6
[17:01:50][Reader.EZReader.<init>(EZReader.java:22)] INFO - Start
[17:01:50][Reader.EZReader.<init>(EZReader.java:25)] INFO - End
[17:01:50][CMAS.Process.<init>(Process.java:48)] INFO - End
[17:01:50][Reader.PPR_TxnReqOffline.setReqMsgType(PPR_TxnReqOffline.java:62)] INFO - setter:1
[17:01:50][Reader.PPR_TxnReqOffline.setReqTMLocationID(PPR_TxnReqOffline.java:96)] INFO - setter:100011
[17:01:50][Reader.PPR_TxnReqOffline.setReqTMID(PPR_TxnReqOffline.java:122)] INFO - setter:00
[17:01:50][Reader.PPR_TxnReqOffline.setReqTMTXNDateTime(PPR_TxnReqOffline.java:148)] INFO - setter:1430816510
[17:01:50][Reader.PPR_TxnReqOffline.setReqTMSerialNumber(PPR_TxnReqOffline.java:170)] INFO - setter:165670
[17:01:50][Reader.PPR_TxnReqOffline.setReqTMSerialNumber(PPR_TxnReqOffline.java:173)] INFO - setter:165670
[17:01:50][Reader.PPR_TxnReqOffline.setReqTMAgentNumber(PPR_TxnReqOffline.java:193)] INFO - setter:1234
[17:01:50][CMAS.Process.getmTimeZone(Process.java:78)] INFO - getter:Asia/Taipei
[17:01:50][Reader.PPR_TxnReqOffline.setReqTXNDateTime(PPR_TxnReqOffline.java:223)] INFO - setter: intUnixTime(1430816510),timeZone:Asia/Taipei
[17:01:50][Reader.PPR_TxnReqOffline.setReqTxnAmt(PPR_TxnReqOffline.java:240)] INFO - setter:50
[17:01:50][Reader.PPR_TxnReqOffline.GetRequest(PPR_TxnReqOffline.java:353)] DEBUG - Reader.PPR_TxnReqOffline request:(00)(00)(46)(80)(32)(01)(00)(00)(01)(00)(30)(30)(30)(30)(31)(30)(30)(30)(31)(31)(30)(30)(32)(30)(31)(35)(30)(35)(30)(35)(31)(37)(30)(31)(35)(30)(31)(36)(35)(36)(37)(30)(31)(32)(33)(34)(7e)(f7)(48)(55)(32)(30)(30)(00)(00)(00)(00)(00)(00)(00)(00)(00)(00)(00)(00)(00)(00)(00)(00)(00)(00)(00)(fa)(aa)
[17:01:50][APIInterface.EasycardAPI.deduct(EasycardAPI.java:116)] INFO - End
[17:06:00][APIInterface.EasycardAPI.deduct(EasycardAPI.java:113)] INFO - Start
[17:06:00][CMAS.Process.initConfig(Process.java:66)] INFO - =============== API Start ===============
[17:06:00][CMAS.ConfigManager.<init>(ConfigManager.java:39)] INFO - Start
[17:06:00][CMAS.ConfigManager.<init>(ConfigManager.java:41)] INFO - End
[17:06:00][CMAS.ConfigManager.prepareConfig(ConfigManager.java:46)] INFO - Start
[17:06:00][CMAS.ConfigManager.prepareConfig(ConfigManager.java:78)] INFO - Test Environment
[17:06:00][CMAS.ConfigManager.prepareConfig(ConfigManager.java:131)] INFO - End
[17:06:00][CMAS.Process.initConfig(Process.java:71)] INFO - End
[17:06:00][Reader.ApduRecvSender.setPortName(ApduRecvSender.java:35)] INFO - setter:COM6
[17:06:00][Reader.EZReader.<init>(EZReader.java:22)] INFO - Start
[17:06:00][Reader.EZReader.<init>(EZReader.java:25)] INFO - End
[17:06:00][CMAS.Process.<init>(Process.java:48)] INFO - End
[17:06:00][Reader.PPR_TxnReqOffline.setReqMsgType(PPR_TxnReqOffline.java:62)] INFO - setter:1
[17:06:00][Reader.PPR_TxnReqOffline.setReqTMLocationID(PPR_TxnReqOffline.java:96)] INFO - setter:100011
[17:06:00][Reader.PPR_TxnReqOffline.setReqTMID(PPR_TxnReqOffline.java:122)] INFO - setter:00
[17:06:00][Reader.PPR_TxnReqOffline.setReqTMTXNDateTime(PPR_TxnReqOffline.java:148)] INFO - setter:1430816760
[17:06:00][Reader.PPR_TxnReqOffline.setReqTMSerialNumber(PPR_TxnReqOffline.java:170)] INFO - setter:165670
[17:06:00][Reader.PPR_TxnReqOffline.setReqTMSerialNumber(PPR_TxnReqOffline.java:173)] INFO - setter:165670
[17:06:00][Reader.PPR_TxnReqOffline.setReqTMAgentNumber(PPR_TxnReqOffline.java:193)] INFO - setter:1234
[17:06:00][CMAS.Process.getmTimeZone(Process.java:78)] INFO - getter:Asia/Taipei
[17:06:00][Reader.PPR_TxnReqOffline.setReqTXNDateTime(PPR_TxnReqOffline.java:223)] INFO - setter: intUnixTime(1430816760),timeZone:Asia/Taipei
[17:06:00][Reader.PPR_TxnReqOffline.setReqTxnAmt(PPR_TxnReqOffline.java:240)] INFO - setter:50
[17:06:00][Reader.PPR_TxnReqOffline.GetRequest(PPR_TxnReqOffline.java:353)] DEBUG - Reader.PPR_TxnReqOffline request:(00)(00)(46)(80)(32)(01)(00)(40)(01)(00)(30)(30)(30)(30)(31)(30)(30)(30)(31)(31)(30)(30)(32)(30)(31)(35)(30)(35)(30)(35)(31)(37)(30)(36)(30)(30)(31)(36)(35)(36)(37)(30)(31)(32)(33)(34)(78)(f8)(48)(55)(32)(30)(30)(00)(00)(00)(00)(00)(00)(00)(00)(00)(00)(00)(00)(00)(00)(00)(00)(00)(00)(00)(fa)(e1)
[17:06:00][APIInterface.EasycardAPI.deduct(EasycardAPI.java:116)] INFO - End
[17:19:29][APIInterface.EasycardAPI.deduct(EasycardAPI.java:113)] INFO - Start
[17:19:29][CMAS.Process.initConfig(Process.java:66)] INFO - =============== API Start ===============
[17:19:29][CMAS.ConfigManager.<init>(ConfigManager.java:39)] INFO - Start
[17:19:29][CMAS.ConfigManager.<init>(ConfigManager.java:41)] INFO - End
[17:19:29][CMAS.ConfigManager.prepareConfig(ConfigManager.java:46)] INFO - Start
[17:19:29][CMAS.ConfigManager.prepareConfig(ConfigManager.java:78)] INFO - Test Environment
[17:19:29][CMAS.ConfigManager.prepareConfig(ConfigManager.java:131)] INFO - End
[17:19:29][CMAS.Process.initConfig(Process.java:71)] INFO - End
[17:19:29][Reader.ApduRecvSender.setPortName(ApduRecvSender.java:35)] INFO - setter:COM6
[17:19:29][Reader.EZReader.<init>(EZReader.java:22)] INFO - Start
[17:19:29][Reader.EZReader.<init>(EZReader.java:25)] INFO - End
[17:19:29][CMAS.Process.<init>(Process.java:48)] INFO - End
[17:19:29][Reader.PPR_TxnReqOffline.setReqMsgType(PPR_TxnReqOffline.java:62)] INFO - setter:1
[17:19:29][Reader.PPR_TxnReqOffline.setReqTMLocationID(PPR_TxnReqOffline.java:96)] INFO - setter:100011
[17:19:29][Reader.PPR_TxnReqOffline.setReqTMID(PPR_TxnReqOffline.java:122)] INFO - setter:00
[17:19:29][Reader.PPR_TxnReqOffline.setReqTMTXNDateTime(PPR_TxnReqOffline.java:148)] INFO - setter:1430817569
[17:19:29][Reader.PPR_TxnReqOffline.setReqTMSerialNumber(PPR_TxnReqOffline.java:170)] INFO - setter:165670
[17:19:29][Reader.PPR_TxnReqOffline.setReqTMSerialNumber(PPR_TxnReqOffline.java:173)] INFO - setter:165670
[17:19:29][Reader.PPR_TxnReqOffline.setReqTMAgentNumber(PPR_TxnReqOffline.java:193)] INFO - setter:1234
[17:19:29][CMAS.Process.getmTimeZone(Process.java:78)] INFO - getter:Asia/Taipei
[17:19:29][Reader.PPR_TxnReqOffline.setReqTXNDateTime(PPR_TxnReqOffline.java:223)] INFO - setter: intUnixTime(1430817569),timeZone:Asia/Taipei
[17:19:29][Reader.PPR_TxnReqOffline.setReqTxnAmt(PPR_TxnReqOffline.java:240)] INFO - setter:50
[17:19:29][Reader.EZReader.exeCommand(EZReader.java:30)] INFO - Start
[17:19:29][Reader.PPR_TxnReqOffline.GetRequest(PPR_TxnReqOffline.java:353)] DEBUG - Reader.PPR_TxnReqOffline request:(00)(00)(46)(80)(32)(01)(00)(40)(01)(00)(30)(30)(30)(30)(31)(30)(30)(30)(31)(31)(30)(30)(32)(30)(31)(35)(30)(35)(30)(35)(31)(37)(31)(39)(32)(39)(31)(36)(35)(36)(37)(30)(31)(32)(33)(34)(a1)(fb)(48)(55)(32)(30)(30)(00)(00)(00)(00)(00)(00)(00)(00)(00)(00)(00)(00)(00)(00)(00)(00)(00)(00)(00)(fa)(3e)
[17:19:29][Reader.ApduRecvSender.sendRecv(ApduRecvSender.java:170)] INFO - Start
[17:19:29][Reader.ApduRecvSender.openPort(ApduRecvSender.java:43)] INFO - Start, comportname:COM6COM6
[17:19:29][Reader.ApduRecvSender.openPort(ApduRecvSender.java:96)] INFO - End
[17:19:29][Reader.ApduRecvSender.sendRecv(ApduRecvSender.java:196)] DEBUG - pack APDU command:(00)(00)(46)(80)(32)(01)(00)(40)(01)(00)(30)(30)(30)(30)(31)(30)(30)(30)(31)(31)(30)(30)(32)(30)(31)(35)(30)(35)(30)(35)(31)(37)(31)(39)(32)(39)(31)(36)(35)(36)(37)(30)(31)(32)(33)(34)(a1)(fb)(48)(55)(32)(30)(30)(00)(00)(00)(00)(00)(00)(00)(00)(00)(00)(00)(00)(00)(00)(00)(00)(00)(00)(00)(fa)(3e)
[17:19:29][Reader.ApduRecvSender.write(ApduRecvSender.java:122)] INFO - Start
[17:19:29][Reader.ApduRecvSender.read(ApduRecvSender.java:142)] INFO - Start
[17:19:31][Reader.ApduRecvSender.read(ApduRecvSender.java:156)] ERROR - read SerialPortTimeoutException:Port name - COM6; Method name - readBytes(); Serial port operation timeout (2000 ms).
[17:19:31][Reader.ApduRecvSender.read(ApduRecvSender.java:161)] INFO - End
[17:19:31][Reader.ApduRecvSender.sendRecv(ApduRecvSender.java:227)] ERROR - 
[17:19:31][Reader.EZReader.exeCommand(EZReader.java:44)] ERROR - recvBuffer is NULL
[17:19:31][CMAS.Process.doDeduct(Process.java:303)] ERROR - errID:-6, msg:Reader no response
[17:19:31][APIInterface.EasycardAPI.deduct(EasycardAPI.java:116)] INFO - End
[17:21:38][APIInterface.EasycardAPI.deduct(EasycardAPI.java:113)] INFO - Start
[17:21:38][CMAS.Process.initConfig(Process.java:66)] INFO - =============== API Start ===============
[17:21:38][CMAS.ConfigManager.<init>(ConfigManager.java:39)] INFO - Start
[17:21:38][CMAS.ConfigManager.<init>(ConfigManager.java:41)] INFO - End
[17:21:38][CMAS.ConfigManager.prepareConfig(ConfigManager.java:46)] INFO - Start
[17:21:38][CMAS.ConfigManager.prepareConfig(ConfigManager.java:78)] INFO - Test Environment
[17:21:38][CMAS.ConfigManager.prepareConfig(ConfigManager.java:131)] INFO - End
[17:21:38][CMAS.Process.initConfig(Process.java:71)] INFO - End
[17:21:38][Reader.ApduRecvSender.setPortName(ApduRecvSender.java:35)] INFO - setter:COM6
[17:21:38][Reader.EZReader.<init>(EZReader.java:22)] INFO - Start
[17:21:38][Reader.EZReader.<init>(EZReader.java:25)] INFO - End
[17:21:38][CMAS.Process.<init>(Process.java:48)] INFO - End
[17:21:38][Reader.PPR_TxnReqOffline.setReqMsgType(PPR_TxnReqOffline.java:62)] INFO - setter:1
[17:21:38][Reader.PPR_TxnReqOffline.setReqTMLocationID(PPR_TxnReqOffline.java:96)] INFO - setter:100011
[17:21:38][Reader.PPR_TxnReqOffline.setReqTMID(PPR_TxnReqOffline.java:122)] INFO - setter:00
[17:21:38][Reader.PPR_TxnReqOffline.setReqTMTXNDateTime(PPR_TxnReqOffline.java:148)] INFO - setter:1430817698
[17:21:38][Reader.PPR_TxnReqOffline.setReqTMSerialNumber(PPR_TxnReqOffline.java:170)] INFO - setter:165670
[17:21:38][Reader.PPR_TxnReqOffline.setReqTMSerialNumber(PPR_TxnReqOffline.java:173)] INFO - setter:165670
[17:21:38][Reader.PPR_TxnReqOffline.setReqTMAgentNumber(PPR_TxnReqOffline.java:193)] INFO - setter:1234
[17:21:38][CMAS.Process.getmTimeZone(Process.java:78)] INFO - getter:Asia/Taipei
[17:21:38][Reader.PPR_TxnReqOffline.setReqTXNDateTime(PPR_TxnReqOffline.java:223)] INFO - setter: intUnixTime(1430817698),timeZone:Asia/Taipei
[17:21:38][Reader.PPR_TxnReqOffline.setReqTxnAmt(PPR_TxnReqOffline.java:240)] INFO - setter:50
[17:21:38][Reader.EZReader.exeCommand(EZReader.java:30)] INFO - Start
[17:21:38][Reader.PPR_TxnReqOffline.GetRequest(PPR_TxnReqOffline.java:353)] DEBUG - Reader.PPR_TxnReqOffline request:(00)(00)(46)(80)(32)(01)(00)(40)(01)(00)(30)(30)(30)(30)(31)(30)(30)(30)(31)(31)(30)(30)(32)(30)(31)(35)(30)(35)(30)(35)(31)(37)(32)(31)(33)(38)(31)(36)(35)(36)(37)(30)(31)(32)(33)(34)(22)(fc)(48)(55)(32)(00)(00)(00)(00)(00)(00)(00)(00)(00)(00)(00)(00)(00)(00)(00)(00)(00)(00)(00)(00)(00)(fa)(b1)
[17:21:38][Reader.ApduRecvSender.sendRecv(ApduRecvSender.java:170)] INFO - Start
[17:21:38][Reader.ApduRecvSender.openPort(ApduRecvSender.java:43)] INFO - Start, comportname:COM6COM6
[17:21:38][Reader.ApduRecvSender.openPort(ApduRecvSender.java:96)] INFO - End
[17:21:38][Reader.ApduRecvSender.sendRecv(ApduRecvSender.java:196)] DEBUG - pack APDU command:(00)(00)(46)(80)(32)(01)(00)(40)(01)(00)(30)(30)(30)(30)(31)(30)(30)(30)(31)(31)(30)(30)(32)(30)(31)(35)(30)(35)(30)(35)(31)(37)(32)(31)(33)(38)(31)(36)(35)(36)(37)(30)(31)(32)(33)(34)(22)(fc)(48)(55)(32)(00)(00)(00)(00)(00)(00)(00)(00)(00)(00)(00)(00)(00)(00)(00)(00)(00)(00)(00)(00)(00)(fa)(b1)
[17:21:38][Reader.ApduRecvSender.write(ApduRecvSender.java:122)] INFO - Start
[17:21:38][Reader.ApduRecvSender.read(ApduRecvSender.java:142)] INFO - Start
[17:21:40][Reader.ApduRecvSender.read(ApduRecvSender.java:156)] ERROR - read SerialPortTimeoutException:Port name - COM6; Method name - readBytes(); Serial port operation timeout (2000 ms).
[17:21:40][Reader.ApduRecvSender.read(ApduRecvSender.java:161)] INFO - End
[17:21:40][Reader.ApduRecvSender.sendRecv(ApduRecvSender.java:227)] ERROR - 
[17:21:40][Reader.EZReader.exeCommand(EZReader.java:44)] ERROR - recvBuffer is NULL
[17:21:40][CMAS.Process.doDeduct(Process.java:303)] ERROR - errID:-6, msg:Reader no response
[17:21:40][APIInterface.EasycardAPI.deduct(EasycardAPI.java:116)] INFO - End
[17:38:19][APIInterface.EasycardAPI.deduct(EasycardAPI.java:113)] INFO - Start
[17:38:19][CMAS.Process.initConfig(Process.java:66)] INFO - =============== API Start ===============
[17:38:19][CMAS.ConfigManager.<init>(ConfigManager.java:39)] INFO - Start
[17:38:19][CMAS.ConfigManager.<init>(ConfigManager.java:41)] INFO - End
[17:38:19][CMAS.ConfigManager.prepareConfig(ConfigManager.java:46)] INFO - Start
[17:38:19][CMAS.ConfigManager.prepareConfig(ConfigManager.java:78)] INFO - Test Environment
[17:38:19][CMAS.ConfigManager.prepareConfig(ConfigManager.java:131)] INFO - End
[17:38:19][CMAS.Process.initConfig(Process.java:71)] INFO - End
[17:38:19][Reader.ApduRecvSender.setPortName(ApduRecvSender.java:35)] INFO - setter:COM6
[17:38:19][Reader.EZReader.<init>(EZReader.java:22)] INFO - Start
[17:38:19][Reader.EZReader.<init>(EZReader.java:25)] INFO - End
[17:38:19][CMAS.Process.<init>(Process.java:48)] INFO - End
[17:38:19][Reader.PPR_TxnReqOffline.setReqMsgType(PPR_TxnReqOffline.java:62)] INFO - setter:1
[17:38:19][Reader.PPR_TxnReqOffline.setReqTMLocationID(PPR_TxnReqOffline.java:96)] INFO - setter:100011
[17:38:19][Reader.PPR_TxnReqOffline.setReqTMID(PPR_TxnReqOffline.java:122)] INFO - setter:00
[17:38:19][Reader.PPR_TxnReqOffline.setReqTMTXNDateTime(PPR_TxnReqOffline.java:148)] INFO - setter:1430818699
[17:38:19][Reader.PPR_TxnReqOffline.setReqTMSerialNumber(PPR_TxnReqOffline.java:170)] INFO - setter:165670
[17:38:19][Reader.PPR_TxnReqOffline.setReqTMSerialNumber(PPR_TxnReqOffline.java:173)] INFO - setter:165670
[17:38:19][Reader.PPR_TxnReqOffline.setReqTMAgentNumber(PPR_TxnReqOffline.java:193)] INFO - setter:1234
[17:38:19][CMAS.Process.getmTimeZone(Process.java:78)] INFO - getter:Asia/Taipei
[17:38:19][Reader.PPR_TxnReqOffline.setReqTXNDateTime(PPR_TxnReqOffline.java:223)] INFO - setter: intUnixTime(1430818699),timeZone:Asia/Taipei
[17:38:19][Reader.PPR_TxnReqOffline.setReqTxnAmt(PPR_TxnReqOffline.java:240)] INFO - setter:50
[17:38:19][Reader.EZReader.exeCommand(EZReader.java:30)] INFO - Start
[17:38:19][Reader.PPR_TxnReqOffline.GetRequest(PPR_TxnReqOffline.java:353)] DEBUG - Reader.PPR_TxnReqOffline request:(00)(00)(46)(80)(32)(01)(00)(40)(01)(00)(30)(30)(30)(30)(31)(30)(30)(30)(31)(31)(30)(30)(32)(30)(31)(35)(30)(35)(30)(35)(31)(37)(33)(38)(31)(39)(31)(36)(35)(36)(37)(30)(31)(32)(33)(34)(0b)(00)(49)(55)(32)(00)(00)(00)(00)(00)(00)(00)(00)(00)(00)(00)(00)(00)(00)(00)(00)(00)(00)(00)(00)(00)(fa)(6e)
[17:38:19][Reader.ApduRecvSender.sendRecv(ApduRecvSender.java:172)] INFO - Start
[17:38:19][Reader.ApduRecvSender.openPort(ApduRecvSender.java:43)] INFO - Start, comportname:COM6COM6
[17:38:19][Reader.ApduRecvSender.openPort(ApduRecvSender.java:98)] INFO - End
[17:38:19][Reader.ApduRecvSender.sendRecv(ApduRecvSender.java:198)] DEBUG - pack APDU command:(00)(00)(46)(80)(32)(01)(00)(40)(01)(00)(30)(30)(30)(30)(31)(30)(30)(30)(31)(31)(30)(30)(32)(30)(31)(35)(30)(35)(30)(35)(31)(37)(33)(38)(31)(39)(31)(36)(35)(36)(37)(30)(31)(32)(33)(34)(0b)(00)(49)(55)(32)(00)(00)(00)(00)(00)(00)(00)(00)(00)(00)(00)(00)(00)(00)(00)(00)(00)(00)(00)(00)(00)(fa)(6e)
[17:38:19][Reader.ApduRecvSender.write(ApduRecvSender.java:124)] INFO - Start
[17:38:19][Reader.ApduRecvSender.read(ApduRecvSender.java:144)] INFO - Start
[17:38:24][Reader.ApduRecvSender.sendRecv(ApduRecvSender.java:207)] DEBUG - read finish:(00)(00)(fc)
[17:38:24][Reader.ApduRecvSender.sendRecv(ApduRecvSender.java:214)] INFO - read body len:252
[17:38:24][Reader.ApduRecvSender.read(ApduRecvSender.java:144)] INFO - Start
[17:38:24][Reader.ApduRecvSender.sendRecv(ApduRecvSender.java:222)] DEBUG - recv from Comport total Byte: 256
[17:38:24][Reader.ApduRecvSender.sendRecv(ApduRecvSender.java:233)] INFO - End
[17:38:24][Reader.PPR_TxnReqOffline.SetRespond(PPR_TxnReqOffline.java:387)] INFO - Start
[17:38:24][Reader.PPR_TxnReqOffline.SetRespond(PPR_TxnReqOffline.java:414)] INFO - end
[17:38:24][Reader.PPR_TxnReqOffline.debugResponseData(PPR_TxnReqOffline.java:375)] DEBUG - Reader.PPR_TxnReqOffline recv:(00)(00)(fc)(01)(19)(f4)(01)(00)(90)(22)(01)(06)(00)(00)(02)(14)(20)(20)(20)(22)(00)(25)(7e)(00)(0b)(04)(05)(00)(e1)(97)(68)(4c)(08)(00)(38)(15)(00)(08)(00)(00)(e1)(97)(68)(01)(bd)(c9)(78)(46)(00)(00)(00)(04)(32)(00)(00)(01)(26)(1d)(03)(23)(d0)(00)(4e)(d4)(fe)(00)(0a)(10)(0d)(11)(27)(00)(fe)(11)(27)(00)(01)(01)(00)(00)(00)(00)(02)(25)(00)(00)(00)(00)(00)(00)(00)(00)(00)(00)(00)(00)(00)(00)(00)(00)(00)(00)(00)(00)(00)(00)(00)(00)(00)(00)(50)(39)(30)(30)(30)(37)(32)(34)(31)(36)(35)(36)(37)(30)(01)(36)(00)(00)(93)(13)(42)(55)(30)(c8)(00)(00)(f9)(08)(00)(fe)(00)(00)(01)(00)(4e)(d4)(fe)(00)(00)(00)(00)(00)(00)(00)(00)(00)(00)(00)(00)(00)(00)(00)(00)(00)(00)(00)(00)(00)(00)(00)(00)(00)(00)(01)(00)(ad)(00)(00)(a4)(46)(00)(00)(00)(00)(00)(00)(00)(00)(00)(00)(00)(00)(00)(00)(00)(00)(00)(00)(00)(00)(00)(00)(00)(00)(00)(00)(00)(00)(00)(00)(00)(00)(00)(00)(00)(00)(00)(00)(00)(00)(00)(00)(00)(00)(00)(00)(00)(00)(00)(00)(00)(00)(00)(00)(00)(00)(00)(00)(00)(00)(00)(00)(00)(00)(00)(00)(00)(00)(00)(00)(00)(00)(00)(90)(00)(1a)
[17:38:24][APIInterface.EasycardAPI.deduct(EasycardAPI.java:116)] INFO - End
